<?xml version="1.0" encoding="UTF-8"?>
<testng-results ignored="0" total="1" passed="1" failed="0" skipped="0">
  <reporter-output>
    <line>
      <![CDATA[running verify user id]]>
    </line>
    <line>
      <![CDATA[logout the application]]>
    </line>
    <line>
      <![CDATA[close the app]]>
    </line>
  </reporter-output>
  <suite started-at="2022-09-04T15:14:48 IST" name="Suite" finished-at="2022-09-04T15:15:00 IST" duration-ms="12124">
    <groups>
    </groups>
    <test started-at="2022-09-04T15:14:48 IST" name="Test" finished-at="2022-09-04T15:15:00 IST" duration-ms="12124">
      <class name="test.KiteTest">
        <test-method is-config="true" signature="openBrowser()[pri:0, instance:test.KiteTest@741a8937]" started-at="2022-09-04T15:14:48 IST" name="openBrowser" finished-at="2022-09-04T15:14:56 IST" duration-ms="8006" status="PASS">
          <reporter-output>
          </reporter-output>
        </test-method> <!-- openBrowser -->
        <test-method is-config="true" signature="loginToApp()[pri:0, instance:test.KiteTest@741a8937]" started-at="2022-09-04T15:14:56 IST" name="loginToApp" finished-at="2022-09-04T15:14:58 IST" duration-ms="2186" status="PASS">
          <reporter-output>
          </reporter-output>
        </test-method> <!-- loginToApp -->
        <test-method signature="verifyuserID()[pri:0, instance:test.KiteTest@741a8937]" started-at="2022-09-04T15:14:58 IST" name="verifyuserID" finished-at="2022-09-04T15:15:00 IST" duration-ms="1863" status="PASS">
          <reporter-output>
            <line>
              <![CDATA[running verify user id]]>
            </line>
          </reporter-output>
        </test-method> <!-- verifyuserID -->
        <test-method is-config="true" signature="logoutApp()[pri:0, instance:test.KiteTest@741a8937]" started-at="2022-09-04T15:15:00 IST" name="logoutApp" finished-at="2022-09-04T15:15:00 IST" duration-ms="0" status="PASS">
          <reporter-output>
            <line>
              <![CDATA[logout the application]]>
            </line>
          </reporter-output>
        </test-method> <!-- logoutApp -->
        <test-method is-config="true" signature="closeBrowser()[pri:0, instance:test.KiteTest@741a8937]" started-at="2022-09-04T15:15:00 IST" name="closeBrowser" finished-at="2022-09-04T15:15:00 IST" duration-ms="1" status="PASS">
          <reporter-output>
            <line>
              <![CDATA[close the app]]>
            </line>
          </reporter-output>
        </test-method> <!-- closeBrowser -->
      </class> <!-- test.KiteTest -->
    </test> <!-- Test -->
  </suite> <!-- Suite -->
</testng-results>
